=== Train Model Message Debug Log ===
Started: 2025-12-11 14:46:41


======================================================================
MESSAGE #1 TO TRAIN MODEL
======================================================================
{
  "command": "new_train",
  "train_id": 1,
  "block_number": 63
}
======================================================================


======================================================================
MESSAGE #2 TO TRAIN MODEL
======================================================================
{
  "command": "Commanded Speed",
  "value": 25.0,
  "train_id": 1
}
======================================================================


======================================================================
MESSAGE #3 TO TRAIN MODEL
======================================================================
{
  "command": "Commanded Authority",
  "value": 3,
  "train_id": 1
}
======================================================================


======================================================================
MESSAGE #4 TO TRAIN MODEL
======================================================================
{
  "command": "Block Occupancy",
  "value": {
    "63": 1
  }
}
======================================================================


======================================================================
MESSAGE #5 TO TRAIN MODEL
======================================================================
{
  "command": "Commanded Speed",
  "value": 25.0,
  "train_id": 1
}
======================================================================


======================================================================
MESSAGE #6 TO TRAIN MODEL
======================================================================
{
  "command": "Commanded Authority",
  "value": 3,
  "train_id": 1
}
======================================================================


======================================================================
MESSAGE #7 TO TRAIN MODEL
======================================================================
{
  "command": "block_occupancy",
  "value": 63,
  "train_id": 1
}
======================================================================


======================================================================
MESSAGE #8 TO TRAIN MODEL
======================================================================
{
  "command": "Commanded Speed",
  "value": 25.0,
  "train_id": 1
}
======================================================================


======================================================================
MESSAGE #9 TO TRAIN MODEL
======================================================================
{
  "command": "Commanded Authority",
  "value": 3,
  "train_id": 1
}
======================================================================


======================================================================
MESSAGE #10 TO TRAIN MODEL
======================================================================
{
  "command": "block_occupancy",
  "value": 63,
  "train_id": 1
}
======================================================================


======================================================================
MESSAGE #11 TO TRAIN MODEL
======================================================================
{
  "command": "Commanded Speed",
  "value": 25.0,
  "train_id": 1
}
======================================================================


======================================================================
MESSAGE #12 TO TRAIN MODEL
======================================================================
{
  "command": "Commanded Authority",
  "value": 3,
  "train_id": 1
}
======================================================================

